<?xml version="1.0" encoding="UTF-8"?>
<!-- Generated by org.testng.reporters.JUnitXMLReporter -->
<testsuite ignored="0" hostname="Collaberas-MacBook-Pro.local" failures="0" tests="6" name="Default test" time="19.851" errors="0" timestamp="2023-05-22T15:35:33 PST">
  <testcase classname="testng_testcases_rewritten.Testcase01_fullTestCase" name="getAuthToken" time="6.009"/>
  <testcase classname="testng_testcases_rewritten.Testcase01_fullTestCase" name="postBooking" time="1.731"/>
  <testcase classname="testng_testcases_rewritten.Testcase01_fullTestCase" name="getBooking" time="1.527"/>
  <testcase classname="testng_testcases_rewritten.Testcase01_fullTestCase" name="partialUpdateBooking" time="2.918"/>
  <testcase classname="testng_testcases_rewritten.Testcase01_fullTestCase" name="updateBooking" time="2.929"/>
  <testcase classname="testng_testcases_rewritten.Testcase01_fullTestCase" name="f" time="4.485"/>
</testsuite> <!-- Default test -->
