<?xml version="1.0" encoding="UTF-8"?>
<testng-results ignored="0" total="1" passed="1" failed="0" skipped="0">
  <reporter-output>
  </reporter-output>
  <suite started-at="2023-05-25T12:03:33 PST" name="Default suite" finished-at="2023-05-25T12:03:34 PST" duration-ms="91">
    <groups>
    </groups>
    <test started-at="2023-05-25T12:03:33 PST" name="Default test" finished-at="2023-05-25T12:03:34 PST" duration-ms="91">
      <class name="test_flowOfCommands.Test03_BeforeClass">
        <test-method signature="f()[pri:0, instance:test_flowOfCommands.Test03_BeforeClass@28f2a10f]" started-at="2023-05-25T12:03:33 PST" name="f" finished-at="2023-05-25T12:03:34 PST" duration-ms="21" status="PASS">
          <reporter-output>
          </reporter-output>
        </test-method> <!-- f -->
      </class> <!-- test_flowOfCommands.Test03_BeforeClass -->
    </test> <!-- Default test -->
  </suite> <!-- Default suite -->
</testng-results>
