<?xml version="1.0" encoding="UTF-8"?>
<testng-results ignored="0" total="6" passed="6" failed="0" skipped="0">
  <reporter-output>
  </reporter-output>
  <suite started-at="2023-05-22T15:35:13 PST" name="Default suite" finished-at="2023-05-22T15:35:33 PST" duration-ms="19851">
    <groups>
    </groups>
    <test started-at="2023-05-22T15:35:13 PST" name="Default test" finished-at="2023-05-22T15:35:33 PST" duration-ms="19851">
      <class name="testng_testcases_rewritten.Testcase01_fullTestCase">
        <test-method signature="getAuthToken()[pri:1, instance:testng_testcases_rewritten.Testcase01_fullTestCase@5b22b970]" started-at="2023-05-22T15:35:13 PST" name="getAuthToken" finished-at="2023-05-22T15:35:19 PST" duration-ms="6009" status="PASS">
          <reporter-output>
          </reporter-output>
        </test-method> <!-- getAuthToken -->
        <test-method signature="postBooking()[pri:2, instance:testng_testcases_rewritten.Testcase01_fullTestCase@5b22b970]" started-at="2023-05-22T15:35:19 PST" name="postBooking" finished-at="2023-05-22T15:35:21 PST" duration-ms="1731" status="PASS">
          <reporter-output>
          </reporter-output>
        </test-method> <!-- postBooking -->
        <test-method signature="getBooking()[pri:3, instance:testng_testcases_rewritten.Testcase01_fullTestCase@5b22b970]" started-at="2023-05-22T15:35:21 PST" name="getBooking" finished-at="2023-05-22T15:35:23 PST" duration-ms="1527" status="PASS">
          <reporter-output>
          </reporter-output>
        </test-method> <!-- getBooking -->
        <test-method signature="partialUpdateBooking()[pri:4, instance:testng_testcases_rewritten.Testcase01_fullTestCase@5b22b970]" started-at="2023-05-22T15:35:23 PST" name="partialUpdateBooking" finished-at="2023-05-22T15:35:25 PST" duration-ms="2918" status="PASS">
          <reporter-output>
          </reporter-output>
        </test-method> <!-- partialUpdateBooking -->
        <test-method signature="updateBooking()[pri:5, instance:testng_testcases_rewritten.Testcase01_fullTestCase@5b22b970]" started-at="2023-05-22T15:35:25 PST" name="updateBooking" finished-at="2023-05-22T15:35:28 PST" duration-ms="2929" status="PASS">
          <reporter-output>
          </reporter-output>
        </test-method> <!-- updateBooking -->
        <test-method signature="f()[pri:6, instance:testng_testcases_rewritten.Testcase01_fullTestCase@5b22b970]" started-at="2023-05-22T15:35:28 PST" name="f" finished-at="2023-05-22T15:35:33 PST" duration-ms="4485" status="PASS">
          <reporter-output>
          </reporter-output>
        </test-method> <!-- f -->
      </class> <!-- testng_testcases_rewritten.Testcase01_fullTestCase -->
    </test> <!-- Default test -->
  </suite> <!-- Default suite -->
</testng-results>
